<plexus>
  <!-- Test runtime configuration -->
</plexus>
