<?xml version="1.0" encoding="UTF-8" ?>
<testsuite errors="0" skipped="0" tests="1" time="0.031" failures="0" 
  name="org.apache.maven.continuum.AppTest">
  <testcase time="0" name="testApp"/>
</testsuite>