<?xml version="1.0" encoding="UTF-8" ?>
<testsuite errors="0" skipped="0" tests="3" time="11.578" failures="1" name="org.apache.maven.continuum.notification.mail.MailContinuumNotifierTest">
  <properties>
    <property value="sa" name="javax.jdo.option.ConnectionUserName"/>
    <property value="Java(TM) 2 Runtime Environment, Standard Edition" name="java.runtime.name"/>
    <property value="c:\jdk1.5.0_08\jre\bin" name="sun.boot.library.path"/>
    <property value="1.5.0_08-b03" name="java.vm.version"/>
    <property value="Sun Microsystems Inc." name="java.vm.vendor"/>
    <property value="http://java.sun.com/" name="java.vendor.url"/>
    <property value=";" name="path.separator"/>
    <property value="" name="javax.jdo.option.ConnectionPassword"/>
    <property value="Java HotSpot(TM) Client VM" name="java.vm.name"/>
    <property value="sun.io" name="file.encoding.pkg"/>
    <property value="FR" name="user.country"/>
    <property value="Service Pack 2" name="sun.os.patch.level"/>
    <property value="Java Virtual Machine Specification" name="java.vm.specification.name"/>
    <property value="c:\maven-svn\continuum\continuum-core" name="user.dir"/>
    <property value="1.5.0_08-b03" name="java.runtime.version"/>
    <property value="sun.awt.Win32GraphicsEnvironment" name="java.awt.graphicsenv"/>
    <property value="c:\maven-svn\continuum\continuum-core" name="basedir"/>
    <property value="c:\jdk1.5.0_08\jre\lib\endorsed" name="java.endorsed.dirs"/>
    <property value="x86" name="os.arch"/>
    <property value="c:\DOCUME~1\olamy\LOCALS~1\Temp\" name="java.io.tmpdir"/>
    <property value="
" name="line.separator"/>
    <property value="Sun Microsystems Inc." name="java.vm.specification.vendor"/>
    <property value="" name="user.variant"/>
    <property value="Windows XP" name="os.name"/>
    <property value="Cp1252" name="sun.jnu.encoding"/>
    <property value="c:\jdk1.5.0_08\jre\bin;.;C:\WINDOWS\system32;C:\WINDOWS;C:\cygwin\usr\local\bin;C:\cygwin\bin;C:\cygwin\bin;C:\cygwin\usr\X11R6\bin;c:\WINDOWS\system32;c:\WINDOWS;c:\WINDOWS\System32\Wbem;c:\Program Files\Wave Systems Corp\Dell Preboot Manager\Access Client\v5\;c:\WINDOWS\wbat;c:\WINDOWS\reskit;c:\Program Files\WinZip;c:\Program Files\ActivCard\ActivCard Gold\resources;c:\sybase\OCS-12_5\lib3p;c:\sybase\OCS-12_5\dll;c:\sybase\OCS-12_5\bin;c:\nsdkwin\dll;c:\j2sdk1.4.2_12\bin;c:\apache-maven-2.0.8-SNAPSHOT\bin;c:\maven-1.0.2\bin;c:\local\olamy\apache-forrest-0.7\bin;c:\apache-ant-1.6.5\bin;c:\Program Files\GPGshell;c:\Subversion\bin;c:\Program Files\Fichiers communs\GTK\2.0\bin;c:\PROGRA~1\ATT\Graphviz\bin;c:\Program Files\QuickTime\QTSystem\;c:\Sun\SunOneApp\bin" name="java.library.path"/>
    <property value="Java Platform API Specification" name="java.specification.name"/>
    <property value="49.0" name="java.class.version"/>
    <property value="READ_UNCOMMITTED" name="org.jpox.transactionIsolation"/>
    <property value="HotSpot Client Compiler" name="sun.management.compiler"/>
    <property value="READ_UNCOMMITTED" name="org.jpox.poid.transactionIsolation"/>
    <property value="5.1" name="os.version"/>
    <property value="c:\apache-maven-2.0.8-SNAPSHOT" name="M2_HOME"/>
    <property value="C:\Documents and Settings\olamy" name="user.home"/>
    <property value="Europe/Paris" name="user.timezone"/>
    <property value="sun.awt.windows.WPrinterJob" name="java.awt.printerjob"/>
    <property value="1.5" name="java.specification.version"/>
    <property value="Cp1252" name="file.encoding"/>
    <property value="org.hsqldb.jdbcDriver" name="javax.jdo.option.ConnectionDriverName"/>
    <property value="OLAMY" name="user.name"/>
    <property value="C:\Documents and Settings\olamy\.m2\repository\org\codehaus\plexus\plexus-archiver\1.0-alpha-7\plexus-archiver-1.0-alpha-7.jar;C:\Documents and Settings\olamy\.m2\repository\junit\junit\3.8.1\junit-3.8.1.jar;C:\Documents and Settings\olamy\.m2\repository\org\codehaus\plexus\plexus-container-default\1.0-alpha-8\plexus-container-default-1.0-alpha-8.jar;C:\Documents and Settings\olamy\.m2\repository\org\apache\maven\surefire\surefire-api\2.3\surefire-api-2.3.jar;C:\Documents and Settings\olamy\.m2\repository\classworlds\classworlds\1.1-alpha-2\classworlds-1.1-alpha-2.jar;C:\Documents and Settings\olamy\.m2\repository\org\codehaus\plexus\plexus-utils\1.1\plexus-utils-1.1.jar;C:\Documents and Settings\olamy\.m2\repository\commons-lang\commons-lang\2.1\commons-lang-2.1.jar;C:\Documents and Settings\olamy\.m2\repository\org\apache\maven\surefire\surefire-booter\2.3\surefire-booter-2.3.jar" name="java.class.path"/>
    <property value="org.jpox.PersistenceManagerFactoryImpl" name="javax.jdo.PersistenceManagerFactoryClass"/>
    <property value="1.0" name="java.vm.specification.version"/>
    <property value="32" name="sun.arch.data.model"/>
    <property value="c:\jdk1.5.0_08\jre" name="java.home"/>
    <property value="Sun Microsystems Inc." name="java.specification.vendor"/>
    <property value="fr" name="user.language"/>
    <property value="sun.awt.windows.WToolkit" name="awt.toolkit"/>
    <property value="mixed mode" name="java.vm.info"/>
    <property value="jdbc:hsqldb:mem:org.apache.maven.continuum.notification.mail.MailContinuumNotifierTest.testErrorenousBuild" name="javax.jdo.option.ConnectionURL"/>
    <property value="true" name="org.jpox.autoCreateTables"/>
    <property value="1.5.0_08" name="java.version"/>
    <property value="c:\jdk1.5.0_08\jre\lib\ext" name="java.ext.dirs"/>
    <property value="c:\jdk1.5.0_08\jre\lib\rt.jar;c:\jdk1.5.0_08\jre\lib\i18n.jar;c:\jdk1.5.0_08\jre\lib\sunrsasign.jar;c:\jdk1.5.0_08\jre\lib\jsse.jar;c:\jdk1.5.0_08\jre\lib\jce.jar;c:\jdk1.5.0_08\jre\lib\charsets.jar;c:\jdk1.5.0_08\jre\classes" name="sun.boot.class.path"/>
    <property value="Sun Microsystems Inc." name="java.vendor"/>
    <property value="C:\Documents and Settings\olamy\.m2\repository" name="localRepository"/>
    <property value="\" name="file.separator"/>
    <property value="http://java.sun.com/cgi-bin/bugreport.cgi" name="java.vendor.url.bug"/>
    <property value="little" name="sun.cpu.endian"/>
    <property value="UnicodeLittle" name="sun.io.unicode.encoding"/>
    <property value="c:\jdk1.5.0_08" name="JAVA_HOME"/>
    <property value="windows" name="sun.desktop"/>
    <property value="pentium_pro+mmx pentium_pro pentium+mmx pentium i486 i386 i86" name="sun.cpu.isalist"/>
  </properties>
  <testcase time="6.485" name="testSuccessfulBuild">
    <failure type="junit.framework.ComparisonFailure" message="expected:&amp;lt;...s&amp;gt; but was:&amp;lt;...&amp;gt;">junit.framework.ComparisonFailure: expected:&amp;...s&amp; but was:&amp;...&amp;
	at junit.framework.Assert.assertEquals(Assert.java:81)
	at junit.framework.Assert.assertEquals(Assert.java:87)
	at org.apache.maven.continuum.notification.mail.MailContinuumNotifierTest.testSuccessfulBuild(MailContinuumNotifierTest.java:56)
	at org.apache.maven.continuum.notification.mail.MailContinuumNotifierTest.testSuccessfulBuild(MailContinuumNotifierTest.java:56)
	at sun.reflect.NativeMethodAccessorImpl.invoke0(Native Method)
	at sun.reflect.NativeMethodAccessorImpl.invoke(NativeMethodAccessorImpl.java:39)
	at sun.reflect.DelegatingMethodAccessorImpl.invoke(DelegatingMethodAccessorImpl.java:25)
	at java.lang.reflect.Method.invoke(Method.java:585)
	at junit.framework.TestCase.runTest(TestCase.java:154)
	at junit.framework.TestCase.runBare(TestCase.java:127)
	at junit.framework.TestResult$1.protect(TestResult.java:106)
	at junit.framework.TestResult.runProtected(TestResult.java:124)
	at junit.framework.TestResult.run(TestResult.java:109)
	at junit.framework.TestCase.run(TestCase.java:118)
	at junit.framework.TestSuite.runTest(TestSuite.java:208)
	at junit.framework.TestSuite.run(TestSuite.java:203)
	at sun.reflect.NativeMethodAccessorImpl.invoke0(Native Method)
	at sun.reflect.NativeMethodAccessorImpl.invoke(NativeMethodAccessorImpl.java:39)
	at sun.reflect.DelegatingMethodAccessorImpl.invoke(DelegatingMethodAccessorImpl.java:25)
	at java.lang.reflect.Method.invoke(Method.java:585)
	at org.apache.maven.surefire.junit.JUnitTestSet.execute(JUnitTestSet.java:213)
	at org.apache.maven.surefire.suite.AbstractDirectoryTestSuite.executeTestSet(AbstractDirectoryTestSuite.java:138)
	at org.apache.maven.surefire.suite.AbstractDirectoryTestSuite.execute(AbstractDirectoryTestSuite.java:125)
	at org.apache.maven.surefire.Surefire.run(Surefire.java:132)
	at sun.reflect.NativeMethodAccessorImpl.invoke0(Native Method)
	at sun.reflect.NativeMethodAccessorImpl.invoke(NativeMethodAccessorImpl.java:39)
	at sun.reflect.DelegatingMethodAccessorImpl.invoke(DelegatingMethodAccessorImpl.java:25)
	at java.lang.reflect.Method.invoke(Method.java:585)
	at org.apache.maven.surefire.booter.SurefireBooter.runSuitesInProcess(SurefireBooter.java:290)
	at org.apache.maven.surefire.booter.SurefireBooter.main(SurefireBooter.java:818)
</failure>
    <system-out>[INFO] create default AntBuildDefinitionTemplate
[INFO] create Default Schedule
[INFO] create default MavenOneBuildDefinitionTemplate
[INFO] create default MavenTwoBuildDefinitionTemplate
[INFO] create default ShellBuildDefinitionTemplate
[WARNING] Could not find the executable &apos;maven&apos; in the path &apos;[]&apos;.
[WARNING] Could not find the executable &apos;ant&apos; in the path &apos;[]&apos;.
[WARNING] Could not find the executable &apos;mvn&apos; in the path &apos;[]&apos;.
[INFO] Build executors:
[INFO]   ant
[INFO]   maven-1
[INFO]   maven2
[INFO]   shell
[INFO] Initializing Continuum.
[INFO] Showing all projects: 
[INFO] Starting Continuum.
[INFO] 
[INFO] 
[INFO] &amp; Continuum unknown started! &amp;
[INFO] ------------------------------
[INFO]        \   ^__^
[INFO]         \  (oo)\_______
[INFO]            (__)\       )\/\
[INFO]                ||----w |
[INFO]                ||     ||
[INFO] 
[INFO] 
[INFO] Continuum initializer running ...
[INFO] Default Project Group exists
[INFO] Continuum initializer end running ...
[INFO] Activating schedules ...
[INFO] DEFAULT_SCHEDULE: next fire time -&amp;Tue Nov 13 00:00:00 CET 2007
[INFO] Using &apos;continuum@localhost&apos; as the from mailbox for all emails.
[INFO] From name: Continuum
[INFO] Build host name: W-OLAMY
[INFO] Message Subject: &apos;[continuum] BUILD SUCCESSFUL: foo.bar Test Project&apos;.
[INFO] Sending message: From &apos;&quot;Continuum&quot; &amp;continuum@localhost&amp;&apos;.
[INFO] Recipient: To &apos;&amp;foo@bar&amp;&apos;.
[INFO] Stopping Continuum.
[INFO] Continuum stopped.
</system-out>
  </testcase>
  <testcase time="2.468" name="testFailedBuild"/>
  <testcase time="2.625" name="testErrorenousBuild"/>
</testsuite>